This file contains any messages produced by compilers while
running configure, to aid debugging if configure makes a mistake.

It was created by configure, which was
generated by GNU Autoconf 2.69.  Invocation command line was

  $ ./configure 

## --------- ##
## Platform. ##
## --------- ##

hostname = Jonass-MacBook-Air.local
uname -m = x86_64
uname -r = 14.1.0
uname -s = Darwin
uname -v = Darwin Kernel Version 14.1.0: Mon Dec 22 23:10:38 PST 2014; root:xnu-2782.10.72~2/RELEASE_X86_64

/usr/bin/uname -p = i386
/bin/uname -X     = unknown

/bin/arch              = unknown
/usr/bin/arch -k       = unknown
/usr/convex/getsysinfo = unknown
/usr/bin/hostinfo      = Mach kernel version:
	 Darwin Kernel Version 14.1.0: Mon Dec 22 23:10:38 PST 2014; root:xnu-2782.10.72~2/RELEASE_X86_64
Kernel configured for up to 4 processors.
2 processors are physically available.
4 processors are logically available.
Processor type: i486 (Intel 80486)
Processors active: 0 1 2 3
Primary memory available: 4.00 gigabytes
Default processor set: 231 tasks, 1305 threads, 4 processors
Load average: 3.65, Mach factor: 0.91
/bin/machine           = unknown
/usr/bin/oslevel       = unknown
/bin/universe          = unknown

PATH: /Users/dotjonas/anaconda/bin
PATH: /usr/local/rvm/gems/ruby-1.9.3-p194/bin
PATH: /usr/local/rvm/gems/ruby-1.9.3-p194@global/bin
PATH: /usr/local/rvm/rubies/ruby-1.9.3-p194/bin
PATH: /usr/local/rvm/bin
PATH: /usr/local/bin
PATH: /usr/bin
PATH: /bin
PATH: /usr/sbin
PATH: /sbin
PATH: /opt/X11/bin
PATH: /opt/sm/bin
PATH: /opt/sm/pkg/active/bin
PATH: /opt/sm/pkg/active/sbin


## ----------- ##
## Core tests. ##
## ----------- ##

configure:2183: checking for gcc
configure:2210: result: gcc -arch x86_64 -std=gnu99
configure:2439: checking for C compiler version
configure:2448: gcc -arch x86_64 -std=gnu99 --version >&5
Apple LLVM version 6.0 (clang-600.0.56) (based on LLVM 3.5svn)
Target: x86_64-apple-darwin14.1.0
Thread model: posix
configure:2459: $? = 0
configure:2448: gcc -arch x86_64 -std=gnu99 -v >&5
Apple LLVM version 6.0 (clang-600.0.56) (based on LLVM 3.5svn)
Target: x86_64-apple-darwin14.1.0
Thread model: posix
clang: warning: argument unused during compilation: '-std=gnu99'
configure:2459: $? = 0
configure:2448: gcc -arch x86_64 -std=gnu99 -V >&5
clang: error: argument to '-V' is missing (expected 1 value)
clang: error: no input files
configure:2459: $? = 1
configure:2448: gcc -arch x86_64 -std=gnu99 -qversion >&5
clang: error: unknown argument: '-qversion'
clang: error: no input files
configure:2459: $? = 1
configure:2479: checking whether the C compiler works
configure:2501: gcc -arch x86_64 -std=gnu99 -mtune=core2 -g -O2   conftest.c  >&5
configure:2505: $? = 0
configure:2553: result: yes
configure:2556: checking for C compiler default output file name
configure:2558: result: a.out
configure:2564: checking for suffix of executables
configure:2571: gcc -arch x86_64 -std=gnu99 -o conftest -mtune=core2 -g -O2   conftest.c  >&5
configure:2575: $? = 0
configure:2597: result: 
configure:2619: checking whether we are cross compiling
configure:2627: gcc -arch x86_64 -std=gnu99 -o conftest -mtune=core2 -g -O2   conftest.c  >&5
configure:2631: $? = 0
configure:2638: ./conftest
configure:2642: $? = 0
configure:2657: result: no
configure:2662: checking for suffix of object files
configure:2684: gcc -arch x86_64 -std=gnu99 -c -mtune=core2 -g -O2  conftest.c >&5
configure:2688: $? = 0
configure:2709: result: o
configure:2713: checking whether we are using the GNU C compiler
configure:2732: gcc -arch x86_64 -std=gnu99 -c -mtune=core2 -g -O2  conftest.c >&5
configure:2732: $? = 0
configure:2741: result: yes
configure:2750: checking whether gcc -arch x86_64 -std=gnu99 accepts -g
configure:2770: gcc -arch x86_64 -std=gnu99 -c -g  conftest.c >&5
configure:2770: $? = 0
configure:2811: result: yes
configure:2828: checking for gcc -arch x86_64 -std=gnu99 option to accept ISO C89
configure:2891: gcc -arch x86_64 -std=gnu99  -c -mtune=core2 -g -O2  conftest.c >&5
configure:2891: $? = 0
configure:2904: result: none needed
configure:2929: checking how to run the C preprocessor
configure:2999: result: gcc -arch x86_64 -std=gnu99 -E
configure:3019: gcc -arch x86_64 -std=gnu99 -E  conftest.c
configure:3019: $? = 0
configure:3033: gcc -arch x86_64 -std=gnu99 -E  conftest.c
conftest.c:9:10: fatal error: 'ac_nonexistent.h' file not found
#include <ac_nonexistent.h>
         ^
1 error generated.
configure:3033: $? = 1
configure: failed program was:
| /* confdefs.h */
| #define PACKAGE_NAME ""
| #define PACKAGE_TARNAME ""
| #define PACKAGE_VERSION ""
| #define PACKAGE_STRING ""
| #define PACKAGE_BUGREPORT ""
| #define PACKAGE_URL ""
| /* end confdefs.h.  */
| #include <ac_nonexistent.h>
configure:3109: checking for gcc
configure:3136: result: gcc -arch x86_64 -std=gnu99
configure:3365: checking for C compiler version
configure:3374: gcc -arch x86_64 -std=gnu99 --version >&5
Apple LLVM version 6.0 (clang-600.0.56) (based on LLVM 3.5svn)
Target: x86_64-apple-darwin14.1.0
Thread model: posix
configure:3385: $? = 0
configure:3374: gcc -arch x86_64 -std=gnu99 -v >&5
Apple LLVM version 6.0 (clang-600.0.56) (based on LLVM 3.5svn)
Target: x86_64-apple-darwin14.1.0
Thread model: posix
clang: warning: argument unused during compilation: '-std=gnu99'
configure:3385: $? = 0
configure:3374: gcc -arch x86_64 -std=gnu99 -V >&5
clang: error: argument to '-V' is missing (expected 1 value)
clang: error: no input files
configure:3385: $? = 1
configure:3374: gcc -arch x86_64 -std=gnu99 -qversion >&5
clang: error: unknown argument: '-qversion'
clang: error: no input files
configure:3385: $? = 1
configure:3389: checking whether we are using the GNU C compiler
configure:3417: result: yes
configure:3426: checking whether gcc -arch x86_64 -std=gnu99 accepts -g
configure:3487: result: yes
configure:3504: checking for gcc -arch x86_64 -std=gnu99 option to accept ISO C89
configure:3580: result: none needed
configure:3602: checking whether __attribute__((visibility())) is supported
configure:3613: gcc -arch x86_64 -std=gnu99 -Werror -S conftest.c -o conftest.s 1>&5
configure:3616: $? = 0
configure:3625: result: no
configure:3636: checking whether gcc -arch x86_64 -std=gnu99 accepts -fvisibility
configure:3652: gcc -arch x86_64 -std=gnu99 -c -mtune=core2 -g -O2 -fvisibility=hidden  conftest.c >&5
configure:3652: $? = 0
configure:3659: result: yes
configure:3684: checking whether  accepts -fvisibility
configure:3694:  -c  -fvisibility=hidden conftest.f >&5
./configure: line 1515: -c: command not found
configure:3694: $? = 127
configure: failed program was:
|       program main
| 
|       end
configure:3701: result: no
configure:3767: checking for libpng-config
configure:3783: found /Users/dotjonas/anaconda/bin/libpng-config
configure:3795: result: yes
configure:3806: using libpng-config
configure:3810: using libpng dynamic linkage
configure:4180: checking for X
configure:4288: gcc -arch x86_64 -std=gnu99 -E  -DHAVE_PNG_H -I/Users/dotjonas/anaconda/include/libpng15 conftest.c
conftest.c:9:10: fatal error: 'X11/Xlib.h' file not found
#include <X11/Xlib.h>
         ^
1 error generated.
configure:4288: $? = 1
configure: failed program was:
| /* confdefs.h */
| #define PACKAGE_NAME ""
| #define PACKAGE_TARNAME ""
| #define PACKAGE_VERSION ""
| #define PACKAGE_STRING ""
| #define PACKAGE_BUGREPORT ""
| #define PACKAGE_URL ""
| /* end confdefs.h.  */
| #include <X11/Xlib.h>
configure:4319: gcc -arch x86_64 -std=gnu99 -o conftest -mtune=core2 -g -O2  -DHAVE_PNG_H -I/Users/dotjonas/anaconda/include/libpng15  conftest.c -lX11  -L/Users/dotjonas/anaconda/lib -lpng15 >&5
conftest.c:9:10: fatal error: 'X11/Xlib.h' file not found
#include <X11/Xlib.h>
         ^
1 error generated.
configure:4319: $? = 1
configure: failed program was:
| /* confdefs.h */
| #define PACKAGE_NAME ""
| #define PACKAGE_TARNAME ""
| #define PACKAGE_VERSION ""
| #define PACKAGE_STRING ""
| #define PACKAGE_BUGREPORT ""
| #define PACKAGE_URL ""
| /* end confdefs.h.  */
| #include <X11/Xlib.h>
| int
| main ()
| {
| XrmInitialize ()
|   ;
|   return 0;
| }
configure:4358: result: no
configure:4374: error: X11 not found but required, configure aborted.

## ---------------- ##
## Cache variables. ##
## ---------------- ##

ac_cv_c_compiler_gnu=yes
ac_cv_env_CC_set=
ac_cv_env_CC_value=
ac_cv_env_CFLAGS_set=
ac_cv_env_CFLAGS_value=
ac_cv_env_CPPFLAGS_set=
ac_cv_env_CPPFLAGS_value=
ac_cv_env_CPP_set=
ac_cv_env_CPP_value=
ac_cv_env_LDFLAGS_set=
ac_cv_env_LDFLAGS_value=
ac_cv_env_LIBS_set=
ac_cv_env_LIBS_value=
ac_cv_env_XMKMF_set=
ac_cv_env_XMKMF_value=
ac_cv_env_build_alias_set=
ac_cv_env_build_alias_value=
ac_cv_env_host_alias_set=
ac_cv_env_host_alias_value=
ac_cv_env_target_alias_set=
ac_cv_env_target_alias_value=
ac_cv_have_x=have_x=no
ac_cv_objext=o
ac_cv_prog_CPP='gcc -arch x86_64 -std=gnu99 -E'
ac_cv_prog_HAVE_LIBPNG_CONFIG=yes
ac_cv_prog_ac_ct_CC='gcc -arch x86_64 -std=gnu99'
ac_cv_prog_cc_c89=
ac_cv_prog_cc_g=yes
r_cv_prog_cc_vis=yes
r_cv_prog_f77_vis=no
r_cv_visibility_attribute=no

## ----------------- ##
## Output variables. ##
## ----------------- ##

AGLCPPFLAGS=' -DHAVE_PNG_H -I/Users/dotjonas/anaconda/include/libpng15 -DRGL_USE_COCOA'
AGLLIBS='-framework GLKit  -L/Users/dotjonas/anaconda/lib -lpng15 -framework Cocoa'
BUILD_AGL_TRUE=''
CC='gcc -arch x86_64 -std=gnu99'
CFLAGS='-mtune=core2 -g -O2'
CPP='gcc -arch x86_64 -std=gnu99 -E'
CPPFLAGS=' -DHAVE_PNG_H -I/Users/dotjonas/anaconda/include/libpng15'
CXXFLAGS='-mtune=core2 -g -O2'
C_VISIBILITY=''
DEFS=''
ECHO_C='\c'
ECHO_N=''
ECHO_T=''
EGREP=''
EXEEXT=''
F77_VISIBILITY=''
GREP=''
HAVE_FREETYPE_CONFIG=''
HAVE_LIBPNG_CONFIG='yes'
LDFLAGS=''
LIBOBJS=''
LIBS=' -L/Users/dotjonas/anaconda/lib -lpng15'
LTLIBOBJS=''
OBJEXT='o'
PACKAGE_BUGREPORT=''
PACKAGE_NAME=''
PACKAGE_STRING=''
PACKAGE_TARNAME=''
PACKAGE_URL=''
PACKAGE_VERSION=''
PATH_SEPARATOR=':'
SHELL='/bin/sh'
XMKMF=''
ac_ct_CC='gcc -arch x86_64 -std=gnu99'
bindir='${exec_prefix}/bin'
build_alias=''
datadir='${datarootdir}'
datarootdir='${prefix}/share'
docdir='${datarootdir}/doc/${PACKAGE}'
dvidir='${docdir}'
exec_prefix='NONE'
host_alias=''
htmldir='${docdir}'
includedir='${prefix}/include'
infodir='${datarootdir}/info'
libdir='${exec_prefix}/lib'
libexecdir='${exec_prefix}/libexec'
localedir='${datarootdir}/locale'
localstatedir='${prefix}/var'
mandir='${datarootdir}/man'
oldincludedir='/usr/include'
pdfdir='${docdir}'
prefix='NONE'
program_transform_name='s,x,x,'
psdir='${docdir}'
sbindir='${exec_prefix}/sbin'
sharedstatedir='${prefix}/com'
sysconfdir='${prefix}/etc'
target_alias=''

## ----------- ##
## confdefs.h. ##
## ----------- ##

/* confdefs.h */
#define PACKAGE_NAME ""
#define PACKAGE_TARNAME ""
#define PACKAGE_VERSION ""
#define PACKAGE_STRING ""
#define PACKAGE_BUGREPORT ""
#define PACKAGE_URL ""

configure: exit 1
